This is pdfTeX, Version 3.1415926-2.5-1.40.14 (TeX Live 2013/Debian) (format=pdflatex 2015.12.7)  25 MAY 2016 13:30
entering extended mode
 restricted \write18 enabled.
 %&-line parsing enabled.
**cs463_group09_final_report.tex
(./cs463_group09_final_report.tex
LaTeX2e <2011/06/27>
Babel <3.9h> and hyphenation patterns for 78 languages loaded.
(./IEEEtran.cls
Document Class: IEEEtran 2015/08/26 V1.8b by Michael Shell
-- See the "IEEEtran_HOWTO" manual for usage information.
-- http://www.michaelshell.org/tex/ieeetran/
\@IEEEtrantmpdimenA=\dimen102
\@IEEEtrantmpdimenB=\dimen103
\@IEEEtrantmpdimenC=\dimen104
\@IEEEtrantmpcountA=\count79
\@IEEEtrantmpcountB=\count80
\@IEEEtrantmpcountC=\count81
\@IEEEtrantmptoksA=\toks14
LaTeX Font Info:    Try loading font information for OT1+ptm on input line 503.

(/usr/share/texlive/texmf-dist/tex/latex/psnfss/ot1ptm.fd
File: ot1ptm.fd 2001/06/04 font definitions for OT1/ptm.
)
-- Using 8.5in x 11in (letter) paper.
-- Using PDF output.
\@IEEEnormalsizeunitybaselineskip=\dimen105
-- This is a 10 point document.
\CLASSINFOnormalsizebaselineskip=\dimen106
\CLASSINFOnormalsizeunitybaselineskip=\dimen107
\IEEEnormaljot=\dimen108
LaTeX Font Info:    Font shape `OT1/ptm/bx/n' in size <5> not available
(Font)              Font shape `OT1/ptm/b/n' tried instead on input line 1090.
LaTeX Font Info:    Font shape `OT1/ptm/bx/it' in size <5> not available
(Font)              Font shape `OT1/ptm/b/it' tried instead on input line 1090.

LaTeX Font Info:    Font shape `OT1/ptm/bx/n' in size <7> not available
(Font)              Font shape `OT1/ptm/b/n' tried instead on input line 1090.
LaTeX Font Info:    Font shape `OT1/ptm/bx/it' in size <7> not available
(Font)              Font shape `OT1/ptm/b/it' tried instead on input line 1090.

LaTeX Font Info:    Font shape `OT1/ptm/bx/n' in size <8> not available
(Font)              Font shape `OT1/ptm/b/n' tried instead on input line 1090.
LaTeX Font Info:    Font shape `OT1/ptm/bx/it' in size <8> not available
(Font)              Font shape `OT1/ptm/b/it' tried instead on input line 1090.

LaTeX Font Info:    Font shape `OT1/ptm/bx/n' in size <9> not available
(Font)              Font shape `OT1/ptm/b/n' tried instead on input line 1090.
LaTeX Font Info:    Font shape `OT1/ptm/bx/it' in size <9> not available
(Font)              Font shape `OT1/ptm/b/it' tried instead on input line 1090.

LaTeX Font Info:    Font shape `OT1/ptm/bx/n' in size <10> not available
(Font)              Font shape `OT1/ptm/b/n' tried instead on input line 1090.
LaTeX Font Info:    Font shape `OT1/ptm/bx/it' in size <10> not available
(Font)              Font shape `OT1/ptm/b/it' tried instead on input line 1090.

LaTeX Font Info:    Font shape `OT1/ptm/bx/n' in size <11> not available
(Font)              Font shape `OT1/ptm/b/n' tried instead on input line 1090.
LaTeX Font Info:    Font shape `OT1/ptm/bx/it' in size <11> not available
(Font)              Font shape `OT1/ptm/b/it' tried instead on input line 1090.

LaTeX Font Info:    Font shape `OT1/ptm/bx/n' in size <12> not available
(Font)              Font shape `OT1/ptm/b/n' tried instead on input line 1090.
LaTeX Font Info:    Font shape `OT1/ptm/bx/it' in size <12> not available
(Font)              Font shape `OT1/ptm/b/it' tried instead on input line 1090.

LaTeX Font Info:    Font shape `OT1/ptm/bx/n' in size <17> not available
(Font)              Font shape `OT1/ptm/b/n' tried instead on input line 1090.
LaTeX Font Info:    Font shape `OT1/ptm/bx/it' in size <17> not available
(Font)              Font shape `OT1/ptm/b/it' tried instead on input line 1090.

LaTeX Font Info:    Font shape `OT1/ptm/bx/n' in size <20> not available
(Font)              Font shape `OT1/ptm/b/n' tried instead on input line 1090.
LaTeX Font Info:    Font shape `OT1/ptm/bx/it' in size <20> not available
(Font)              Font shape `OT1/ptm/b/it' tried instead on input line 1090.

LaTeX Font Info:    Font shape `OT1/ptm/bx/n' in size <24> not available
(Font)              Font shape `OT1/ptm/b/n' tried instead on input line 1090.
LaTeX Font Info:    Font shape `OT1/ptm/bx/it' in size <24> not available
(Font)              Font shape `OT1/ptm/b/it' tried instead on input line 1090.

\IEEEquantizedlength=\dimen109
\IEEEquantizedlengthdiff=\dimen110
\IEEEquantizedtextheightdiff=\dimen111
\IEEEilabelindentA=\dimen112
\IEEEilabelindentB=\dimen113
\IEEEilabelindent=\dimen114
\IEEEelabelindent=\dimen115
\IEEEdlabelindent=\dimen116
\IEEElabelindent=\dimen117
\IEEEiednormlabelsep=\dimen118
\IEEEiedmathlabelsep=\dimen119
\IEEEiedtopsep=\skip41
\c@section=\count82
\c@subsection=\count83
\c@subsubsection=\count84
\c@paragraph=\count85
\c@IEEEsubequation=\count86
\abovecaptionskip=\skip42
\belowcaptionskip=\skip43
\c@figure=\count87
\c@table=\count88
\@IEEEeqnnumcols=\count89
\@IEEEeqncolcnt=\count90
\@IEEEsubeqnnumrollback=\count91
\@IEEEquantizeheightA=\dimen120
\@IEEEquantizeheightB=\dimen121
\@IEEEquantizeheightC=\dimen122
\@IEEEquantizeprevdepth=\dimen123
\@IEEEquantizemultiple=\count92
\@IEEEquantizeboxA=\box26
\@IEEEtmpitemindent=\dimen124
\IEEEPARstartletwidth=\dimen125
\c@IEEEbiography=\count93
\@IEEEtranrubishbin=\box27
) (/usr/share/texlive/texmf-dist/tex/latex/caption/caption.sty
Package: caption 2013/05/02 v3.3-89 Customizing captions (AR)

(/usr/share/texlive/texmf-dist/tex/latex/caption/caption3.sty
Package: caption3 2013/05/02 v1.6-88 caption3 kernel (AR)
Package caption3 Info: TeX engine: e-TeX on input line 57.

(/usr/share/texlive/texmf-dist/tex/latex/graphics/keyval.sty
Package: keyval 1999/03/16 v1.13 key=value parser (DPC)
\KV@toks@=\toks15
)
\captionmargin=\dimen126
\captionmargin@=\dimen127
\captionwidth=\dimen128
\caption@tempdima=\dimen129
\caption@indent=\dimen130
\caption@parindent=\dimen131
\caption@hangindent=\dimen132
Package caption Info: Unknown document class (or package),
(caption)             standard defaults will be used.
)

Package caption Warning: Unsupported document class (or package) detected,
(caption)                usage of the caption package is not recommended.
See the caption package documentation for explanation.

Package caption Info: \@makecaption = \long macro:#1#2->\ifx \@captype \@IEEEta
blestring \footnotesize \bgroup \par \centering \@IEEEtabletopskipstrut {\norma
lfont \footnotesize #1}\\{\normalfont \footnotesize \scshape #2}\par \addvspace
 {0.5\baselineskip }\egroup \@IEEEtablecaptionsepspace \else \@IEEEfigurecaptio
nsepspace \setbox \@tempboxa \hbox {\normalfont \footnotesize {#1.}\nobreakspac
e \nobreakspace #2}\ifdim \wd \@tempboxa >\hsize \setbox \@tempboxa \hbox {\nor
malfont \footnotesize {#1.}\nobreakspace \nobreakspace }\parbox [t]{\hsize }{\n
ormalfont \footnotesize \noindent \unhbox \@tempboxa #2}\else \ifCLASSOPTIONcon
ference \hbox to\hsize {\normalfont \footnotesize \hfil \box \@tempboxa \hfil }
\else \hbox to\hsize {\normalfont \footnotesize \box \@tempboxa \hfil }\fi \fi 
\fi .
\c@ContinuedFloat=\count94
) (/usr/share/texlive/texmf-dist/tex/latex/lipsum/lipsum.sty
Package: lipsum 2011/04/14 v1.2 150 paragraphs of Lorem Ipsum dummy text
\c@lips@count=\count95
)
(/usr/share/texlive/texmf-dist/tex/latex/tools/longtable.sty
Package: longtable 2004/02/01 v4.11 Multi-page Table package (DPC)
\LTleft=\skip44
\LTright=\skip45
\LTpre=\skip46
\LTpost=\skip47
\LTchunksize=\count96
\LTcapwidth=\dimen133
\LT@head=\box28
\LT@firsthead=\box29
\LT@foot=\box30
\LT@lastfoot=\box31
\LT@cols=\count97
\LT@rows=\count98
\c@LT@tables=\count99
\c@LT@chunks=\count100
\LT@p@ftn=\toks16
)
(/usr/share/texlive/texmf-dist/tex/latex/graphics/graphicx.sty
Package: graphicx 1999/02/16 v1.0f Enhanced LaTeX Graphics (DPC,SPQR)

(/usr/share/texlive/texmf-dist/tex/latex/graphics/graphics.sty
Package: graphics 2009/02/05 v1.0o Standard LaTeX Graphics (DPC,SPQR)

(/usr/share/texlive/texmf-dist/tex/latex/graphics/trig.sty
Package: trig 1999/03/16 v1.09 sin cos tan (DPC)
)
(/usr/share/texlive/texmf-dist/tex/latex/latexconfig/graphics.cfg
File: graphics.cfg 2010/04/23 v1.9 graphics configuration of TeX Live
)
Package graphics Info: Driver file: pdftex.def on input line 91.

(/usr/share/texlive/texmf-dist/tex/latex/pdftex-def/pdftex.def
File: pdftex.def 2011/05/27 v0.06d Graphics/color for pdfTeX

(/usr/share/texlive/texmf-dist/tex/generic/oberdiek/infwarerr.sty
Package: infwarerr 2010/04/08 v1.3 Providing info/warning/error messages (HO)
)
(/usr/share/texlive/texmf-dist/tex/generic/oberdiek/ltxcmds.sty
Package: ltxcmds 2011/11/09 v1.22 LaTeX kernel commands for general use (HO)
)
\Gread@gobject=\count101
))
\Gin@req@height=\dimen134
\Gin@req@width=\dimen135
)
(./adjustbox.sty
Package: adjustbox 2012/05/21 v1.0 Adjusting TeX boxes (trim, clip, ...)
 (/usr/share/texlive/texmf-dist/tex/latex/xkeyval/xkeyval.sty
Package: xkeyval 2012/10/14 v2.6b package option processing (HA)

(/usr/share/texlive/texmf-dist/tex/generic/xkeyval/xkeyval.tex
\XKV@toks=\toks17
\XKV@tempa@toks=\toks18
\XKV@depth=\count102
File: xkeyval.tex 2012/10/14 v2.6b key=value parser (HA)
)) (./adjcalc.sty
Package: adjcalc 2012/05/16 v1.1 Provides advanced setlength with multiple back
-ends (calc, etex, pgfmath)
) (./trimclip.sty
Package: trimclip 2012/05/16 v1.0 Trim and clip general TeX material
 (./collectbox.sty
Package: collectbox 2012/05/17 v0.4b Collect macro arguments as boxes
\collectedbox=\box32
)
\tc@llx=\dimen136
\tc@lly=\dimen137
\tc@urx=\dimen138
\tc@ury=\dimen139
Package trimclip Info: Using driver 'tc-pdftex.def'.
 (./tc-pdftex.def
File: tc-pdftex.def 2012/05/13 v1.0 Clipping driver for pdftex
))
\adjbox@Width=\dimen140
\adjbox@Height=\dimen141
\adjbox@Depth=\dimen142
\adjbox@Totalheight=\dimen143

(/usr/share/texlive/texmf-dist/tex/latex/ifoddpage/ifoddpage.sty
Package: ifoddpage 2011/09/13 v1.0 Conditionals for odd/even page detection
\c@checkoddpage=\count103
)
(/usr/share/texlive/texmf-dist/tex/latex/varwidth/varwidth.sty
Package: varwidth 2009/03/30 ver 0.92;  Variable-width minipages
\@vwid@box=\box33
\sift@deathcycles=\count104
\@vwid@loff=\dimen144
\@vwid@roff=\dimen145
))
(/usr/share/texlive/texmf-dist/tex/latex/oberdiek/epstopdf.sty
Package: epstopdf 2010/02/09 v2.5 Conversion with epstopdf on the fly (HO)

(/usr/share/texlive/texmf-dist/tex/latex/oberdiek/epstopdf-base.sty
Package: epstopdf-base 2010/02/09 v2.5 Base part for package epstopdf

(/usr/share/texlive/texmf-dist/tex/latex/oberdiek/grfext.sty
Package: grfext 2010/08/19 v1.1 Manage graphics extensions (HO)

(/usr/share/texlive/texmf-dist/tex/generic/oberdiek/kvdefinekeys.sty
Package: kvdefinekeys 2011/04/07 v1.3 Define keys (HO)
))
(/usr/share/texlive/texmf-dist/tex/latex/oberdiek/kvoptions.sty
Package: kvoptions 2011/06/30 v3.11 Key value format for package options (HO)

(/usr/share/texlive/texmf-dist/tex/generic/oberdiek/kvsetkeys.sty
Package: kvsetkeys 2012/04/25 v1.16 Key value parser (HO)

(/usr/share/texlive/texmf-dist/tex/generic/oberdiek/etexcmds.sty
Package: etexcmds 2011/02/16 v1.5 Avoid name clashes with e-TeX commands (HO)

(/usr/share/texlive/texmf-dist/tex/generic/oberdiek/ifluatex.sty
Package: ifluatex 2010/03/01 v1.3 Provides the ifluatex switch (HO)
Package ifluatex Info: LuaTeX not detected.
)
Package etexcmds Info: Could not find \expanded.
(etexcmds)             That can mean that you are not using pdfTeX 1.50 or
(etexcmds)             that some package has redefined \expanded.
(etexcmds)             In the latter case, load this package earlier.
)))
(/usr/share/texlive/texmf-dist/tex/generic/oberdiek/pdftexcmds.sty
Package: pdftexcmds 2011/11/29 v0.20 Utility functions of pdfTeX for LuaTeX (HO
)

(/usr/share/texlive/texmf-dist/tex/generic/oberdiek/ifpdf.sty
Package: ifpdf 2011/01/30 v2.3 Provides the ifpdf switch (HO)
Package ifpdf Info: pdfTeX in PDF mode is detected.
)
Package pdftexcmds Info: LuaTeX not detected.
Package pdftexcmds Info: \pdf@primitive is available.
Package pdftexcmds Info: \pdf@ifprimitive is available.
Package pdftexcmds Info: \pdfdraftmode found.
)
Package grfext Info: Graphics extension search list:
(grfext)             [.png,.pdf,.jpg,.mps,.jpeg,.jbig2,.jb2,.PNG,.PDF,.JPG,.JPE
G,.JBIG2,.JB2,.eps]
(grfext)             \AppendGraphicsExtensions on input line 452.

(/usr/share/texlive/texmf-dist/tex/latex/latexconfig/epstopdf-sys.cfg
File: epstopdf-sys.cfg 2010/07/13 v1.3 Configuration of (r)epstopdf for TeX Liv
e
)))
(/usr/share/texlive/texmf-dist/tex/latex/pdfpages/pdfpages.sty
Package: pdfpages 2013/08/25 v0.4v Insert pages of external PDF documents (AM)

(/usr/share/texlive/texmf-dist/tex/latex/base/ifthen.sty
Package: ifthen 2001/05/26 v1.1c Standard LaTeX ifthen package (DPC)
)
(/usr/share/texlive/texmf-dist/tex/latex/tools/calc.sty
Package: calc 2007/08/22 v4.3 Infix arithmetic (KKT,FJ)
\calc@Acount=\count105
\calc@Bcount=\count106
\calc@Adimen=\dimen146
\calc@Bdimen=\dimen147
\calc@Askip=\skip48
\calc@Bskip=\skip49
LaTeX Info: Redefining \setlength on input line 76.
LaTeX Info: Redefining \addtolength on input line 77.
\calc@Ccount=\count107
\calc@Cskip=\skip50
)
(/usr/share/texlive/texmf-dist/tex/latex/eso-pic/eso-pic.sty
Package: eso-pic 2013/10/06 v2.0d eso-pic (RN)

(/usr/share/texlive/texmf-dist/tex/generic/oberdiek/atbegshi.sty
Package: atbegshi 2011/10/05 v1.16 At begin shipout hook (HO)
)
(/usr/share/texmf/tex/latex/xcolor/xcolor.sty
Package: xcolor 2007/01/21 v2.11 LaTeX color extensions (UK)

(/usr/share/texlive/texmf-dist/tex/latex/latexconfig/color.cfg
File: color.cfg 2007/01/18 v1.5 color configuration of teTeX/TeXLive
)
Package xcolor Info: Driver file: pdftex.def on input line 225.
Package xcolor Info: Model `cmy' substituted by `cmy0' on input line 1337.
Package xcolor Info: Model `hsb' substituted by `rgb' on input line 1341.
Package xcolor Info: Model `RGB' extended on input line 1353.
Package xcolor Info: Model `HTML' substituted by `rgb' on input line 1355.
Package xcolor Info: Model `Hsb' substituted by `hsb' on input line 1356.
Package xcolor Info: Model `tHsb' substituted by `hsb' on input line 1357.
Package xcolor Info: Model `HSB' substituted by `hsb' on input line 1358.
Package xcolor Info: Model `Gray' substituted by `gray' on input line 1359.
Package xcolor Info: Model `wave' substituted by `hsb' on input line 1360.
))
(/usr/share/texlive/texmf-dist/tex/latex/pdfpages/pppdftex.def
File: pppdftex.def 2013/08/25 v0.4v Pdfpages driver for pdfTeX (AM)
)
\AM@pagebox=\box34
\AM@toc@title=\toks19
\c@AM@survey=\count108
\AM@templatesizebox=\box35
)
(/usr/share/texlive/texmf-dist/tex/latex/amsfonts/amssymb.sty
Package: amssymb 2013/01/14 v3.01 AMS font symbols

(/usr/share/texlive/texmf-dist/tex/latex/amsfonts/amsfonts.sty
Package: amsfonts 2013/01/14 v3.01 Basic AMSFonts support
\@emptytoks=\toks20
\symAMSa=\mathgroup4
\symAMSb=\mathgroup5
LaTeX Font Info:    Overwriting math alphabet `\mathfrak' in version `bold'
(Font)                  U/euf/m/n --> U/euf/b/n on input line 106.
))
(/usr/share/texlive/texmf-dist/tex/latex/amsmath/amsmath.sty
Package: amsmath 2013/01/14 v2.14 AMS math features
\@mathmargin=\skip51

For additional information on amsmath, use the `?' option.
(/usr/share/texlive/texmf-dist/tex/latex/amsmath/amstext.sty
Package: amstext 2000/06/29 v2.01

(/usr/share/texlive/texmf-dist/tex/latex/amsmath/amsgen.sty
File: amsgen.sty 1999/11/30 v2.0
\@emptytoks=\toks21
\ex@=\dimen148
))
(/usr/share/texlive/texmf-dist/tex/latex/amsmath/amsbsy.sty
Package: amsbsy 1999/11/29 v1.2d
\pmbraise@=\dimen149
)
(/usr/share/texlive/texmf-dist/tex/latex/amsmath/amsopn.sty
Package: amsopn 1999/12/14 v2.01 operator names
)
\inf@bad=\count109
LaTeX Info: Redefining \frac on input line 210.
\uproot@=\count110
\leftroot@=\count111
LaTeX Info: Redefining \overline on input line 306.
\classnum@=\count112
\DOTSCASE@=\count113
LaTeX Info: Redefining \ldots on input line 378.
LaTeX Info: Redefining \dots on input line 381.
LaTeX Info: Redefining \cdots on input line 466.
\Mathstrutbox@=\box36
\strutbox@=\box37
\big@size=\dimen150
LaTeX Font Info:    Redeclaring font encoding OML on input line 566.
LaTeX Font Info:    Redeclaring font encoding OMS on input line 567.
\macc@depth=\count114
\c@MaxMatrixCols=\count115
\dotsspace@=\muskip10
\c@parentequation=\count116
\dspbrk@lvl=\count117
\tag@help=\toks22
\row@=\count118
\column@=\count119
\maxfields@=\count120
\andhelp@=\toks23
\eqnshift@=\dimen151
\alignsep@=\dimen152
\tagshift@=\dimen153
\tagwidth@=\dimen154
\totwidth@=\dimen155
\lineht@=\dimen156
\@envbody=\toks24
\multlinegap=\skip52
\multlinetaggap=\skip53
\mathdisplay@stack=\toks25
LaTeX Info: Redefining \[ on input line 2665.
LaTeX Info: Redefining \] on input line 2666.
)
(/usr/share/texlive/texmf-dist/tex/latex/amscls/amsthm.sty
Package: amsthm 2004/08/06 v2.20
\thm@style=\toks26
\thm@bodyfont=\toks27
\thm@headfont=\toks28
\thm@notefont=\toks29
\thm@headpunct=\toks30
\thm@preskip=\skip54
\thm@postskip=\skip55
\thm@headsep=\skip56
\dth@everypar=\toks31
)
(/usr/share/texlive/texmf-dist/tex/latex/base/alltt.sty
Package: alltt 1997/06/16 v2.0g defines alltt environment
)
(/usr/share/texlive/texmf-dist/tex/latex/float/float.sty
Package: float 2001/11/08 v1.3d Float enhancements (AL)
\c@float@type=\count121
\float@exts=\toks32
\float@box=\box38
\@float@everytoks=\toks33
\@floatcapt=\box39
)
(/usr/share/texlive/texmf-dist/tex/latex/hyperref/hyperref.sty
Package: hyperref 2012/11/06 v6.83m Hypertext links for LaTeX

(/usr/share/texlive/texmf-dist/tex/generic/oberdiek/hobsub-hyperref.sty
Package: hobsub-hyperref 2012/05/28 v1.13 Bundle oberdiek, subset hyperref (HO)


(/usr/share/texlive/texmf-dist/tex/generic/oberdiek/hobsub-generic.sty
Package: hobsub-generic 2012/05/28 v1.13 Bundle oberdiek, subset generic (HO)
Package: hobsub 2012/05/28 v1.13 Construct package bundles (HO)
Package hobsub Info: Skipping package `infwarerr' (already loaded).
Package hobsub Info: Skipping package `ltxcmds' (already loaded).
Package hobsub Info: Skipping package `ifluatex' (already loaded).
Package: ifvtex 2010/03/01 v1.5 Detect VTeX and its facilities (HO)
Package ifvtex Info: VTeX not detected.
Package: intcalc 2007/09/27 v1.1 Expandable calculations with integers (HO)
Package hobsub Info: Skipping package `ifpdf' (already loaded).
Package hobsub Info: Skipping package `etexcmds' (already loaded).
Package hobsub Info: Skipping package `kvsetkeys' (already loaded).
Package hobsub Info: Skipping package `kvdefinekeys' (already loaded).
Package hobsub Info: Skipping package `pdftexcmds' (already loaded).
Package: pdfescape 2011/11/25 v1.13 Implements pdfTeX's escape features (HO)
Package: bigintcalc 2012/04/08 v1.3 Expandable calculations on big integers (HO
)
Package: bitset 2011/01/30 v1.1 Handle bit-vector datatype (HO)
Package: uniquecounter 2011/01/30 v1.2 Provide unlimited unique counter (HO)
)
Package hobsub Info: Skipping package `hobsub' (already loaded).
Package: letltxmacro 2010/09/02 v1.4 Let assignment for LaTeX macros (HO)
Package: hopatch 2012/05/28 v1.2 Wrapper for package hooks (HO)
Package: xcolor-patch 2011/01/30 xcolor patch
Package: atveryend 2011/06/30 v1.8 Hooks at the very end of document (HO)
Package atveryend Info: \enddocument detected (standard20110627).
Package hobsub Info: Skipping package `atbegshi' (already loaded).
Package: refcount 2011/10/16 v3.4 Data extraction from label references (HO)
Package: hycolor 2011/01/30 v1.7 Color options for hyperref/bookmark (HO)
)
(/usr/share/texlive/texmf-dist/tex/generic/ifxetex/ifxetex.sty
Package: ifxetex 2010/09/12 v0.6 Provides ifxetex conditional
)
(/usr/share/texlive/texmf-dist/tex/latex/oberdiek/auxhook.sty
Package: auxhook 2011/03/04 v1.3 Hooks for auxiliary files (HO)
)
\@linkdim=\dimen157
\Hy@linkcounter=\count122
\Hy@pagecounter=\count123

(/usr/share/texlive/texmf-dist/tex/latex/hyperref/pd1enc.def
File: pd1enc.def 2012/11/06 v6.83m Hyperref: PDFDocEncoding definition (HO)
)
\Hy@SavedSpaceFactor=\count124

(/usr/share/texlive/texmf-dist/tex/latex/latexconfig/hyperref.cfg
File: hyperref.cfg 2002/06/06 v1.2 hyperref configuration of TeXLive
)
Package hyperref Info: Hyper figures OFF on input line 4443.
Package hyperref Info: Link nesting OFF on input line 4448.
Package hyperref Info: Hyper index ON on input line 4451.
Package hyperref Info: Plain pages OFF on input line 4458.
Package hyperref Info: Backreferencing OFF on input line 4463.
Package hyperref Info: Implicit mode ON; LaTeX internals redefined.
Package hyperref Info: Bookmarks ON on input line 4688.
\c@Hy@tempcnt=\count125

(/usr/share/texlive/texmf-dist/tex/latex/url/url.sty
\Urlmuskip=\muskip11
Package: url 2013/09/16  ver 3.4  Verb mode for urls, etc.
)
LaTeX Info: Redefining \url on input line 5041.
\XeTeXLinkMargin=\dimen158
\Fld@menulength=\count126
\Field@Width=\dimen159
\Fld@charsize=\dimen160
Package hyperref Info: Hyper figures OFF on input line 6295.
Package hyperref Info: Link nesting OFF on input line 6300.
Package hyperref Info: Hyper index ON on input line 6303.
Package hyperref Info: backreferencing OFF on input line 6310.
Package hyperref Info: Link coloring OFF on input line 6315.
Package hyperref Info: Link coloring with OCG OFF on input line 6320.
Package hyperref Info: PDF/A mode OFF on input line 6325.
LaTeX Info: Redefining \ref on input line 6365.
LaTeX Info: Redefining \pageref on input line 6369.
\Hy@abspage=\count127
\c@Item=\count128
\c@Hfootnote=\count129
)

Package hyperref Message: Driver (autodetected): hpdftex.

(/usr/share/texlive/texmf-dist/tex/latex/hyperref/hpdftex.def
File: hpdftex.def 2012/11/06 v6.83m Hyperref driver for pdfTeX
\Fld@listcount=\count130
\c@bookmark@seq@number=\count131

(/usr/share/texlive/texmf-dist/tex/latex/oberdiek/rerunfilecheck.sty
Package: rerunfilecheck 2011/04/15 v1.7 Rerun checks for auxiliary files (HO)
Package uniquecounter Info: New unique counter `rerunfilecheck' on input line 2
82.
)
\Hy@SectionHShift=\skip57
)
(/usr/share/texlive/texmf-dist/tex/latex/tools/array.sty
Package: array 2008/09/09 v2.4c Tabular extension package (FMi)
\col@sep=\dimen161
\extrarowheight=\dimen162
\NC@list=\toks34
\extratabsurround=\skip58
\backup@length=\skip59
)
(/usr/share/texlive/texmf-dist/tex/latex/preprint/balance.sty
Package: balance 1999/02/23 4.3 (PWD)
\oldvsize=\dimen163
)
(/usr/share/texlive/texmf-dist/tex/latex/subfigure/subfigure.sty
Package: subfigure 2002/03/15 v2.1.5 subfigure package
\subfigtopskip=\skip60
\subfigcapskip=\skip61
\subfigcaptopadj=\dimen164
\subfigbottomskip=\skip62
\subfigcapmargin=\dimen165
\subfiglabelskip=\skip63
\c@subfigure=\count132
\c@lofdepth=\count133
\c@subtable=\count134
\c@lotdepth=\count135

****************************************
* Local config file subfigure.cfg used *
****************************************
(/usr/share/texlive/texmf-dist/tex/latex/subfigure/subfigure.cfg)
\subfig@top=\skip64
\subfig@bottom=\skip65
)
(/usr/share/texlive/texmf-dist/tex/latex/enumitem/enumitem.sty
Package: enumitem 2011/09/28 v3.5.2 Customized lists
\labelindent=\skip66
\enit@outerparindent=\dimen166
\enit@toks=\toks35
\enit@inbox=\box40
\enitdp@description=\count136
)
(/usr/share/texlive/texmf-dist/tex/latex/pstricks/pstricks.sty
Package: pstricks 2013/12/12 v0.60 LaTeX wrapper for `PSTricks' (RN,HV)

(/usr/share/texlive/texmf-dist/tex/generic/pstricks/pstricks.tex
(/usr/share/texlive/texmf-dist/tex/generic/xkeyval/pst-xkey.tex
File: pst-xkey.tex 2005/11/25 v1.6 PSTricks specialization of xkeyval (HA)
)
(/usr/share/texlive/texmf-dist/tex/generic/pstricks/pst-fp.tex
`pst-fp' v0.05, 2010/01/17 (hv)
\pstFP@xs=\count137
\pstFP@xia=\count138
\pstFP@xib=\count139
\pstFP@xfa=\count140
\pstFP@xfb=\count141
\pstFP@rega=\count142
\pstFP@regb=\count143
\pstFP@regs=\count144
\pstFP@times=\count145
)
(/usr/share/texmf/tex/generic/pgf/utilities/pgfutil-common.tex
\pgfutil@everybye=\toks36
)
(/usr/share/texmf/tex/generic/pgf/utilities/pgfkeys.code.tex
\pgfkeys@pathtoks=\toks37
\pgfkeys@temptoks=\toks38

(/usr/share/texmf/tex/generic/pgf/utilities/pgfkeysfiltered.code.tex
\pgfkeys@tmptoks=\toks39
))
(/usr/share/texmf/tex/generic/pgf/utilities/pgffor.code.tex
\pgffor@iter=\dimen167
\pgffor@skip=\dimen168
\pgffor@stack=\toks40
\pgffor@toks=\toks41
)
\psLoopIndex=\count146

`PSTricks' v2.51  <2014/02/03> (tvz)
\pst@dima=\dimen169
\pst@dimb=\dimen170
\pst@dimc=\dimen171
\pst@dimd=\dimen172
\pst@dimg=\dimen173
\pst@dimh=\dimen174
\pst@dimm=\dimen175
\pst@dimn=\dimen176
\pst@dimo=\dimen177
\pst@dimp=\dimen178
\pst@hbox=\box41
\pst@ibox=\box42
\pst@boxg=\box43
\pst@cnta=\count147
\pst@cntb=\count148
\pst@cntc=\count149
\pst@cntd=\count150
\pst@cntg=\count151
\pst@cnth=\count152
\pst@cntm=\count153
\pst@cntn=\count154
\pst@cnto=\count155
\pst@cntp=\count156
\@zero=\count157
\pst@toks=\toks42
(/usr/share/texlive/texmf-dist/tex/generic/pstricks/pstricks.con)
\psunit=\dimen179
\psxunit=\dimen180
\psyunit=\dimen181
\pst@C@@rType=\count158
\pslinewidth=\dimen182
\psk@startLW=\dimen183
\psk@endLW=\dimen184
\pst@customdefs=\toks43
\pslinearc=\dimen185
\pst@symbolStep=\dimen186
\pst@symbolWidth=\dimen187
\pst@symbolLinewidth=\dimen188
\everypsbox=\toks44
\psframesep=\dimen189
\pslabelsep=\dimen190
\sh@wgridXunit=\dimen191
\sh@wgridYunit=\dimen192
\pst@shift=\dimen193
)
File: pstricks.tex 2014/02/03 v2.51 `PSTricks' (tvz,hv)

(/usr/share/texlive/texmf-dist/tex/generic/pstricks/pst-fp.tex)
File: pst-fp.tex 2014/02/03 v2.51 `PST-fp' (hv)
)
(/usr/share/texlive/texmf-dist/tex/latex/pst-node/pst-node.sty
Package: pst-node 2012/09/18 v1.01 LaTeX wrapper for `pst-node' (HV)
Package: pst-node 2010/04/22 package wrapper for pst-node.tex

(/usr/share/texlive/texmf-dist/tex/generic/pst-node/pst-node.tex
 v1.32, 2014/02/03
\psrow=\count159
\pscol=\count160
\psmatrixcnt=\count161
\psrowsep=\skip67
\pscolsep=\skip68
\pst@args=\count162
\num@pts=\count163
\pst@argcnt=\count164
)
File: pst-node.tex 2014/02/03 1.32 `pst-node' (tvz,hv)
)
(/usr/share/texlive/texmf-dist/tex/latex/geometry/geometry.sty
Package: geometry 2010/09/12 v5.6 Page Geometry
\Gm@cnth=\count165
\Gm@cntv=\count166
\c@Gm@tempcnt=\count167
\Gm@bindingoffset=\dimen194
\Gm@wd@mp=\dimen195
\Gm@odd@mp=\dimen196
\Gm@even@mp=\dimen197
\Gm@layoutwidth=\dimen198
\Gm@layoutheight=\dimen199
\Gm@layouthoffset=\dimen200
\Gm@layoutvoffset=\dimen201
\Gm@dimlist=\toks45
)

Package geometry Warning: Over-specification in `h'-direction.
    `width' (542.025pt) is ignored.


Package geometry Warning: Over-specification in `v'-direction.
    `height' (722.7pt) is ignored.

(/usr/share/texlive/texmf-dist/tex/latex/listings/listings.sty
\lst@mode=\count168
\lst@gtempboxa=\box44
\lst@token=\toks46
\lst@length=\count169
\lst@currlwidth=\dimen202
\lst@column=\count170
\lst@pos=\count171
\lst@lostspace=\dimen203
\lst@width=\dimen204
\lst@newlines=\count172
\lst@lineno=\count173
\lst@maxwidth=\dimen205

(/usr/share/texlive/texmf-dist/tex/latex/listings/lstmisc.sty
File: lstmisc.sty 2013/08/26 1.5b (Carsten Heinz)
\c@lstnumber=\count174
\lst@skipnumbers=\count175
\lst@framebox=\box45
)
(/usr/share/texlive/texmf-dist/tex/latex/listings/listings.cfg
File: listings.cfg 2013/08/26 1.5b listings configuration
))
Package: listings 2013/08/26 1.5b (Carsten Heinz)

(./cs463_group09_final_report.aux)
\openout1 = `cs463_group09_final_report.aux'.

LaTeX Font Info:    Checking defaults for OML/cmm/m/it on input line 91.
LaTeX Font Info:    ... okay on input line 91.
LaTeX Font Info:    Checking defaults for T1/cmr/m/n on input line 91.
LaTeX Font Info:    ... okay on input line 91.
LaTeX Font Info:    Checking defaults for OT1/cmr/m/n on input line 91.
LaTeX Font Info:    ... okay on input line 91.
LaTeX Font Info:    Checking defaults for OMS/cmsy/m/n on input line 91.
LaTeX Font Info:    ... okay on input line 91.
LaTeX Font Info:    Checking defaults for OMX/cmex/m/n on input line 91.
LaTeX Font Info:    ... okay on input line 91.
LaTeX Font Info:    Checking defaults for U/cmr/m/n on input line 91.
LaTeX Font Info:    ... okay on input line 91.
LaTeX Font Info:    Checking defaults for PD1/pdf/m/n on input line 91.
LaTeX Font Info:    ... okay on input line 91.

-- Lines per column: 57 (approximate, difference = 2.56499pt).
Package caption Info: Begin \AtBeginDocument code.
Package caption Info: float package is loaded.
Package caption Info: hyperref package is loaded.
Package caption Info: listings package is loaded.
Package caption Info: longtable package is loaded.
(/usr/share/texlive/texmf-dist/tex/latex/caption/ltcaption.sty
Package: ltcaption 2013/02/03 v1.3-62 longtable captions (AR)
)
Package caption Info: subfigure package is loaded.
Package caption Info: End \AtBeginDocument code.

(/usr/share/texlive/texmf-dist/tex/context/base/supp-pdf.mkii
[Loading MPS to PDF converter (version 2006.09.02).]
\scratchcounter=\count176
\scratchdimen=\dimen206
\scratchbox=\box46
\nofMPsegments=\count177
\nofMParguments=\count178
\everyMPshowfont=\toks47
\MPscratchCnt=\count179
\MPscratchDim=\dimen207
\MPnumerator=\count180
\makeMPintoPDFobject=\count181
\everyMPtoPDFconversion=\toks48
)
\AtBeginShipoutBox=\box47
Package hyperref Info: Link coloring OFF on input line 91.
 (/usr/share/texlive/texmf-dist/tex/latex/hyperref/nameref.sty
Package: nameref 2012/10/27 v2.43 Cross-referencing by name of section

(/usr/share/texlive/texmf-dist/tex/generic/oberdiek/gettitlestring.sty
Package: gettitlestring 2010/12/03 v1.4 Cleanup title references (HO)
)
\c@section@level=\count182
)
LaTeX Info: Redefining \ref on input line 91.
LaTeX Info: Redefining \pageref on input line 91.
LaTeX Info: Redefining \nameref on input line 91.

(./cs463_group09_final_report.out) (./cs463_group09_final_report.out)
\@outlinefile=\write3
\openout3 = `cs463_group09_final_report.out'.


*geometry* driver: auto-detecting
*geometry* detected driver: pdftex
*geometry* verbose mode - [ preamble ] result:
* driver: pdftex
* paper: <default>
* layout: <same size as paper>
* layoutoffset:(h,v)=(0.0pt,0.0pt)
* modes: 
* h-part:(L,W,R)=(54.2025pt, 505.89pt, 54.2025pt)
* v-part:(T,H,B)=(54.2025pt, 686.56499pt, 54.2025pt)
* \paperwidth=614.295pt
* \paperheight=794.96999pt
* \textwidth=505.89pt
* \textheight=686.56499pt
* \oddsidemargin=-18.06749pt
* \evensidemargin=-18.06749pt
* \topmargin=-56.94075pt
* \headheight=12.0pt
* \headsep=26.87326pt
* \topskip=12.0pt
* \footskip=38.27646pt
* \marginparwidth=20.0pt
* \marginparsep=10.0pt
* \columnsep=12.0pt
* \skip\footins=16.19989pt plus 7.19989pt minus 3.59995pt
* \hoffset=0.0pt
* \voffset=0.0pt
* \mag=1000
* \@twocolumnfalse
* \@twosidefalse
* \@mparswitchfalse
* \@reversemarginfalse
* (1in=72.27pt=25.4mm, 1cm=28.453pt)

\c@lstlisting=\count183
[1
Non-PDF special ignored!
Non-PDF special ignored!
Non-PDF special ignored!
Non-PDF special ignored!
Non-PDF special ignored!
Non-PDF special ignored!
Non-PDF special ignored!
Non-PDF special ignored!
Non-PDF special ignored!{/var/lib/texmf/fonts/map/pdftex/updmap/pdftex.map}]
<Requirements_Document1.pdf, id=119, 614.295pt x 794.97pt>
File: Requirements_Document1.pdf Graphic file (type pdf)

<use Requirements_Document1.pdf>
Package pdftex.def Info: Requirements_Document1.pdf used on input line 132.
(pdftex.def)             Requested size: 614.29349pt x 794.96806pt.
File: Requirements_Document1.pdf Graphic file (type pdf)
 <use Requirements_Document1.pdf>
Package pdftex.def Info: Requirements_Document1.pdf used on input line 132.
(pdftex.def)             Requested size: 614.29349pt x 794.96806pt.
 [1]
<Requirements_Document1.pdf, id=126, page=1, 614.295pt x 794.97pt>
File: Requirements_Document1.pdf Graphic file (type pdf)

<use Requirements_Document1.pdf, page 1>
Package pdftex.def Info: Requirements_Document1.pdf, page1 used on input line 1
32.
(pdftex.def)             Requested size: 614.29349pt x 794.96806pt.
File: Requirements_Document1.pdf Graphic file (type pdf)

<use Requirements_Document1.pdf, page 1>
Package pdftex.def Info: Requirements_Document1.pdf, page1 used on input line 1
32.
(pdftex.def)             Requested size: 614.58406pt x 795.3441pt.
File: Requirements_Document1.pdf Graphic file (type pdf)

<use Requirements_Document1.pdf, page 1>
Package pdftex.def Info: Requirements_Document1.pdf, page1 used on input line 1
32.
(pdftex.def)             Requested size: 614.58406pt x 795.3441pt.
File: Requirements_Document1.pdf Graphic file (type pdf)

<use Requirements_Document1.pdf, page 1>
Package pdftex.def Info: Requirements_Document1.pdf, page1 used on input line 1
32.
(pdftex.def)             Requested size: 614.58406pt x 795.3441pt.
File: Requirements_Document1.pdf Graphic file (type pdf)

<use Requirements_Document1.pdf, page 1>
Package pdftex.def Info: Requirements_Document1.pdf, page1 used on input line 1
32.
(pdftex.def)             Requested size: 614.58406pt x 795.3441pt.
 [2 <./Requirements_Document1.pdf>]
<Requirements_Document1.pdf, id=149, page=2, 614.295pt x 794.97pt>
File: Requirements_Document1.pdf Graphic file (type pdf)

<use Requirements_Document1.pdf, page 2>
Package pdftex.def Info: Requirements_Document1.pdf, page2 used on input line 1
32.
(pdftex.def)             Requested size: 614.58406pt x 795.3441pt.
File: Requirements_Document1.pdf Graphic file (type pdf)

<use Requirements_Document1.pdf, page 2>
Package pdftex.def Info: Requirements_Document1.pdf, page2 used on input line 1
32.
(pdftex.def)             Requested size: 614.58406pt x 795.3441pt.
File: Requirements_Document1.pdf Graphic file (type pdf)

<use Requirements_Document1.pdf, page 2>
Package pdftex.def Info: Requirements_Document1.pdf, page2 used on input line 1
32.
(pdftex.def)             Requested size: 614.58406pt x 795.3441pt.
 [3 <./Requirements_Document1.pdf>]
<Requirements_Document1.pdf, id=158, page=3, 614.295pt x 794.97pt>
File: Requirements_Document1.pdf Graphic file (type pdf)

<use Requirements_Document1.pdf, page 3>
Package pdftex.def Info: Requirements_Document1.pdf, page3 used on input line 1
32.
(pdftex.def)             Requested size: 614.58406pt x 795.3441pt.
File: Requirements_Document1.pdf Graphic file (type pdf)

<use Requirements_Document1.pdf, page 3>
Package pdftex.def Info: Requirements_Document1.pdf, page3 used on input line 1
32.
(pdftex.def)             Requested size: 614.58406pt x 795.3441pt.
File: Requirements_Document1.pdf Graphic file (type pdf)

<use Requirements_Document1.pdf, page 3>
Package pdftex.def Info: Requirements_Document1.pdf, page3 used on input line 1
32.
(pdftex.def)             Requested size: 614.58406pt x 795.3441pt.
 [4 <./Requirements_Document1.pdf>]
<Requirements_Document1.pdf, id=164, page=4, 614.295pt x 794.97pt>
File: Requirements_Document1.pdf Graphic file (type pdf)

<use Requirements_Document1.pdf, page 4>
Package pdftex.def Info: Requirements_Document1.pdf, page4 used on input line 1
32.
(pdftex.def)             Requested size: 614.58406pt x 795.3441pt.
File: Requirements_Document1.pdf Graphic file (type pdf)

<use Requirements_Document1.pdf, page 4>
Package pdftex.def Info: Requirements_Document1.pdf, page4 used on input line 1
32.
(pdftex.def)             Requested size: 614.58406pt x 795.3441pt.
File: Requirements_Document1.pdf Graphic file (type pdf)

<use Requirements_Document1.pdf, page 4>
Package pdftex.def Info: Requirements_Document1.pdf, page4 used on input line 1
32.
(pdftex.def)             Requested size: 614.58406pt x 795.3441pt.
 [5 <./Requirements_Document1.pdf>]
<Requirements_Document2.pdf, id=170, 614.295pt x 794.97pt>
File: Requirements_Document2.pdf Graphic file (type pdf)

<use Requirements_Document2.pdf>
Package pdftex.def Info: Requirements_Document2.pdf used on input line 134.
(pdftex.def)             Requested size: 614.29349pt x 794.96806pt.
File: Requirements_Document2.pdf Graphic file (type pdf)
 <use Requirements_Document2.pdf>
Package pdftex.def Info: Requirements_Document2.pdf used on input line 134.
(pdftex.def)             Requested size: 614.29349pt x 794.96806pt.
File: Requirements_Document2.pdf Graphic file (type pdf)

<use Requirements_Document2.pdf>
Package pdftex.def Info: Requirements_Document2.pdf used on input line 134.
(pdftex.def)             Requested size: 614.29349pt x 794.96806pt.
File: Requirements_Document2.pdf Graphic file (type pdf)
 <use Requirements_Document2.pdf>
Package pdftex.def Info: Requirements_Document2.pdf used on input line 134.
(pdftex.def)             Requested size: 614.29349pt x 794.96806pt.

<Requirements_Document2.pdf, id=175, page=8, 588.27782pt x 770.03682pt>
File: Requirements_Document2.pdf Graphic file (type pdf)

<use Requirements_Document2.pdf, page 8>
Package pdftex.def Info: Requirements_Document2.pdf, page8 used on input line 1
34.
(pdftex.def)             Requested size: 588.27637pt x 770.03493pt.
File: Requirements_Document2.pdf Graphic file (type pdf)

<use Requirements_Document2.pdf, page 8>
Package pdftex.def Info: Requirements_Document2.pdf, page8 used on input line 1
34.
(pdftex.def)             Requested size: 607.35118pt x 795.00325pt.
File: Requirements_Document2.pdf Graphic file (type pdf)

<use Requirements_Document2.pdf, page 8>
Package pdftex.def Info: Requirements_Document2.pdf, page8 used on input line 1
34.
(pdftex.def)             Requested size: 607.35118pt x 795.00325pt.
File: Requirements_Document2.pdf Graphic file (type pdf)

<use Requirements_Document2.pdf, page 8>
Package pdftex.def Info: Requirements_Document2.pdf, page8 used on input line 1
34.
(pdftex.def)             Requested size: 607.35118pt x 795.00325pt.
File: Requirements_Document2.pdf Graphic file (type pdf)

<use Requirements_Document2.pdf, page 8>
Package pdftex.def Info: Requirements_Document2.pdf, page8 used on input line 1
34.
(pdftex.def)             Requested size: 607.35118pt x 795.00325pt.
 [6 <./Requirements_Document2.pdf, page is rotated 90 degrees>]
<Requirements_Document2.pdf, id=359, page=9, 588.27782pt x 770.03682pt>
File: Requirements_Document2.pdf Graphic file (type pdf)

<use Requirements_Document2.pdf, page 9>
Package pdftex.def Info: Requirements_Document2.pdf, page9 used on input line 1
34.
(pdftex.def)             Requested size: 607.35118pt x 795.00325pt.
File: Requirements_Document2.pdf Graphic file (type pdf)

<use Requirements_Document2.pdf, page 9>
Package pdftex.def Info: Requirements_Document2.pdf, page9 used on input line 1
34.
(pdftex.def)             Requested size: 607.35118pt x 795.00325pt.
File: Requirements_Document2.pdf Graphic file (type pdf)

<use Requirements_Document2.pdf, page 9>
Package pdftex.def Info: Requirements_Document2.pdf, page9 used on input line 1
34.
(pdftex.def)             Requested size: 607.35118pt x 795.00325pt.
 [7 <./Requirements_Document2.pdf, page is rotated 90 degrees>]
<Requirements_Document2.pdf, id=758, page=10, 614.295pt x 794.97pt>
File: Requirements_Document2.pdf Graphic file (type pdf)

<use Requirements_Document2.pdf, page 10>
Package pdftex.def Info: Requirements_Document2.pdf, page10 used on input line 
134.
(pdftex.def)             Requested size: 634.2119pt x 820.74484pt.
File: Requirements_Document2.pdf Graphic file (type pdf)

<use Requirements_Document2.pdf, page 10>
Package pdftex.def Info: Requirements_Document2.pdf, page10 used on input line 
134.
(pdftex.def)             Requested size: 634.2119pt x 820.74484pt.
File: Requirements_Document2.pdf Graphic file (type pdf)

<use Requirements_Document2.pdf, page 10>
Package pdftex.def Info: Requirements_Document2.pdf, page10 used on input line 
134.
(pdftex.def)             Requested size: 634.2119pt x 820.74484pt.
 [8 <./Requirements_Document2.pdf>]
Underfull \hbox (badness 10000) in paragraph at lines 137--149

 []

LaTeX Font Info:    Try loading font information for U+msa on input line 155.
(/usr/share/texlive/texmf-dist/tex/latex/amsfonts/umsa.fd
File: umsa.fd 2013/01/14 v3.01 AMS symbols A
)
LaTeX Font Info:    Try loading font information for U+msb on input line 155.

(/usr/share/texlive/texmf-dist/tex/latex/amsfonts/umsb.fd
File: umsb.fd 2013/01/14 v3.01 AMS symbols B
)
Missing character: There is no ‚ in font ptmr7t!
Missing character: There is no Ä in font ptmr7t!
Missing character: There is no ú in font ptmr7t!
Missing character: There is no ‚ in font ptmr7t!
Missing character: There is no Ä in font ptmr7t!
Missing character: There is no ù in font ptmr7t!
Missing character: There is no ‚ in font ptmr7t!
Missing character: There is no Ä in font ptmr7t!
Missing character: There is no ô in font ptmr7t!

Underfull \vbox (badness 10000) detected at line 311
 []

[9] [10] [11] [12] [13] [14]
<Design_Document.pdf, id=802, 614.295pt x 794.97pt>
File: Design_Document.pdf Graphic file (type pdf)
 <use Design_Document.pdf>
Package pdftex.def Info: Design_Document.pdf used on input line 316.
(pdftex.def)             Requested size: 614.29349pt x 794.96806pt.
File: Design_Document.pdf Graphic file (type pdf)

<use Design_Document.pdf>
Package pdftex.def Info: Design_Document.pdf used on input line 316.
(pdftex.def)             Requested size: 614.29349pt x 794.96806pt.
 [15]
<Design_Document.pdf, id=809, page=1, 614.295pt x 794.97pt>
File: Design_Document.pdf Graphic file (type pdf)

<use Design_Document.pdf, page 1>
Package pdftex.def Info: Design_Document.pdf, page1 used on input line 316.
(pdftex.def)             Requested size: 614.29349pt x 794.96806pt.
File: Design_Document.pdf Graphic file (type pdf)
 <use Design_Document.pdf, page 1>
Package pdftex.def Info: Design_Document.pdf, page1 used on input line 316.
(pdftex.def)             Requested size: 614.58406pt x 795.3441pt.
File: Design_Document.pdf Graphic file (type pdf)

<use Design_Document.pdf, page 1>
Package pdftex.def Info: Design_Document.pdf, page1 used on input line 316.
(pdftex.def)             Requested size: 614.58406pt x 795.3441pt.
File: Design_Document.pdf Graphic file (type pdf)
 <use Design_Document.pdf, page 1>
Package pdftex.def Info: Design_Document.pdf, page1 used on input line 316.
(pdftex.def)             Requested size: 614.58406pt x 795.3441pt.
File: Design_Document.pdf Graphic file (type pdf)

<use Design_Document.pdf, page 1>
Package pdftex.def Info: Design_Document.pdf, page1 used on input line 316.
(pdftex.def)             Requested size: 614.58406pt x 795.3441pt.
 [16 <./Design_Document.pdf>]
File: Design_Document.pdf Graphic file (type pdf)

<use Design_Document.pdf>
Package pdftex.def Info: Design_Document.pdf used on input line 317.
(pdftex.def)             Requested size: 614.29349pt x 794.96806pt.
File: Design_Document.pdf Graphic file (type pdf)
 <use Design_Document.pdf>
Package pdftex.def Info: Design_Document.pdf used on input line 317.
(pdftex.def)             Requested size: 614.29349pt x 794.96806pt.

<Design_Document.pdf, id=839, page=2, 614.295pt x 794.97pt>
File: Design_Document.pdf Graphic file (type pdf)

<use Design_Document.pdf, page 2>
Package pdftex.def Info: Design_Document.pdf, page2 used on input line 317.
(pdftex.def)             Requested size: 614.29349pt x 794.96806pt.
File: Design_Document.pdf Graphic file (type pdf)
 <use Design_Document.pdf, page 2>
Package pdftex.def Info: Design_Document.pdf, page2 used on input line 317.
(pdftex.def)             Requested size: 614.58406pt x 795.3441pt.
File: Design_Document.pdf Graphic file (type pdf)

<use Design_Document.pdf, page 2>
Package pdftex.def Info: Design_Document.pdf, page2 used on input line 317.
(pdftex.def)             Requested size: 614.58406pt x 795.3441pt.
File: Design_Document.pdf Graphic file (type pdf)
 <use Design_Document.pdf, page 2>
Package pdftex.def Info: Design_Document.pdf, page2 used on input line 317.
(pdftex.def)             Requested size: 614.58406pt x 795.3441pt.
File: Design_Document.pdf Graphic file (type pdf)

<use Design_Document.pdf, page 2>
Package pdftex.def Info: Design_Document.pdf, page2 used on input line 317.
(pdftex.def)             Requested size: 614.58406pt x 795.3441pt.
 [17 <./Design_Document.pdf>]
<Design_Document.pdf, id=856, page=3, 614.295pt x 794.97pt>
File: Design_Document.pdf Graphic file (type pdf)

<use Design_Document.pdf, page 3>
Package pdftex.def Info: Design_Document.pdf, page3 used on input line 317.
(pdftex.def)             Requested size: 614.58406pt x 795.3441pt.
File: Design_Document.pdf Graphic file (type pdf)
 <use Design_Document.pdf, page 3>
Package pdftex.def Info: Design_Document.pdf, page3 used on input line 317.
(pdftex.def)             Requested size: 614.58406pt x 795.3441pt.
File: Design_Document.pdf Graphic file (type pdf)

<use Design_Document.pdf, page 3>
Package pdftex.def Info: Design_Document.pdf, page3 used on input line 317.
(pdftex.def)             Requested size: 614.58406pt x 795.3441pt.
 [18 <./Design_Document.pdf>]
<Design_Document.pdf, id=878, page=4, 614.295pt x 794.97pt>
File: Design_Document.pdf Graphic file (type pdf)

<use Design_Document.pdf, page 4>
Package pdftex.def Info: Design_Document.pdf, page4 used on input line 317.
(pdftex.def)             Requested size: 614.58406pt x 795.3441pt.
File: Design_Document.pdf Graphic file (type pdf)
 <use Design_Document.pdf, page 4>
Package pdftex.def Info: Design_Document.pdf, page4 used on input line 317.
(pdftex.def)             Requested size: 614.58406pt x 795.3441pt.
File: Design_Document.pdf Graphic file (type pdf)

<use Design_Document.pdf, page 4>
Package pdftex.def Info: Design_Document.pdf, page4 used on input line 317.
(pdftex.def)             Requested size: 614.58406pt x 795.3441pt.
 [19 <./Design_Document.pdf>]
<Design_Document.pdf, id=885, page=5, 614.295pt x 794.97pt>
File: Design_Document.pdf Graphic file (type pdf)

<use Design_Document.pdf, page 5>
Package pdftex.def Info: Design_Document.pdf, page5 used on input line 317.
(pdftex.def)             Requested size: 614.58406pt x 795.3441pt.
File: Design_Document.pdf Graphic file (type pdf)
 <use Design_Document.pdf, page 5>
Package pdftex.def Info: Design_Document.pdf, page5 used on input line 317.
(pdftex.def)             Requested size: 614.58406pt x 795.3441pt.
File: Design_Document.pdf Graphic file (type pdf)

<use Design_Document.pdf, page 5>
Package pdftex.def Info: Design_Document.pdf, page5 used on input line 317.
(pdftex.def)             Requested size: 614.58406pt x 795.3441pt.
 [20 <./Design_Document.pdf>]
<Design_Document.pdf, id=892, page=6, 614.295pt x 794.97pt>
File: Design_Document.pdf Graphic file (type pdf)

<use Design_Document.pdf, page 6>
Package pdftex.def Info: Design_Document.pdf, page6 used on input line 317.
(pdftex.def)             Requested size: 614.58406pt x 795.3441pt.
File: Design_Document.pdf Graphic file (type pdf)
 <use Design_Document.pdf, page 6>
Package pdftex.def Info: Design_Document.pdf, page6 used on input line 317.
(pdftex.def)             Requested size: 614.58406pt x 795.3441pt.
File: Design_Document.pdf Graphic file (type pdf)

<use Design_Document.pdf, page 6>
Package pdftex.def Info: Design_Document.pdf, page6 used on input line 317.
(pdftex.def)             Requested size: 614.58406pt x 795.3441pt.
 [21 <./Design_Document.pdf>]
<Design_Document.pdf, id=900, page=7, 614.295pt x 794.97pt>
File: Design_Document.pdf Graphic file (type pdf)

<use Design_Document.pdf, page 7>
Package pdftex.def Info: Design_Document.pdf, page7 used on input line 317.
(pdftex.def)             Requested size: 614.58406pt x 795.3441pt.
File: Design_Document.pdf Graphic file (type pdf)
 <use Design_Document.pdf, page 7>
Package pdftex.def Info: Design_Document.pdf, page7 used on input line 317.
(pdftex.def)             Requested size: 614.58406pt x 795.3441pt.
File: Design_Document.pdf Graphic file (type pdf)

<use Design_Document.pdf, page 7>
Package pdftex.def Info: Design_Document.pdf, page7 used on input line 317.
(pdftex.def)             Requested size: 614.58406pt x 795.3441pt.
 [22 <./Design_Document.pdf>]
<Design_Document.pdf, id=907, page=8, 614.295pt x 794.97pt>
File: Design_Document.pdf Graphic file (type pdf)

<use Design_Document.pdf, page 8>
Package pdftex.def Info: Design_Document.pdf, page8 used on input line 317.
(pdftex.def)             Requested size: 614.58406pt x 795.3441pt.
File: Design_Document.pdf Graphic file (type pdf)
 <use Design_Document.pdf, page 8>
Package pdftex.def Info: Design_Document.pdf, page8 used on input line 317.
(pdftex.def)             Requested size: 614.58406pt x 795.3441pt.
File: Design_Document.pdf Graphic file (type pdf)

<use Design_Document.pdf, page 8>
Package pdftex.def Info: Design_Document.pdf, page8 used on input line 317.
(pdftex.def)             Requested size: 614.58406pt x 795.3441pt.
 [23 <./Design_Document.pdf>]
<Design_Document.pdf, id=914, page=9, 614.295pt x 794.97pt>
File: Design_Document.pdf Graphic file (type pdf)

<use Design_Document.pdf, page 9>
Package pdftex.def Info: Design_Document.pdf, page9 used on input line 317.
(pdftex.def)             Requested size: 614.58406pt x 795.3441pt.
File: Design_Document.pdf Graphic file (type pdf)
 <use Design_Document.pdf, page 9>
Package pdftex.def Info: Design_Document.pdf, page9 used on input line 317.
(pdftex.def)             Requested size: 614.58406pt x 795.3441pt.
File: Design_Document.pdf Graphic file (type pdf)

<use Design_Document.pdf, page 9>
Package pdftex.def Info: Design_Document.pdf, page9 used on input line 317.
(pdftex.def)             Requested size: 614.58406pt x 795.3441pt.
 [24 <./Design_Document.pdf>]
<Design_Document.pdf, id=922, page=10, 614.295pt x 794.97pt>
File: Design_Document.pdf Graphic file (type pdf)

<use Design_Document.pdf, page 10>
Package pdftex.def Info: Design_Document.pdf, page10 used on input line 317.
(pdftex.def)             Requested size: 614.58406pt x 795.3441pt.
File: Design_Document.pdf Graphic file (type pdf)
 <use Design_Document.pdf, page 10>
Package pdftex.def Info: Design_Document.pdf, page10 used on input line 317.
(pdftex.def)             Requested size: 614.58406pt x 795.3441pt.
File: Design_Document.pdf Graphic file (type pdf)

<use Design_Document.pdf, page 10>
Package pdftex.def Info: Design_Document.pdf, page10 used on input line 317.
(pdftex.def)             Requested size: 614.58406pt x 795.3441pt.
 [25 <./Design_Document.pdf>]
<technology_review.pdf, id=929, 614.295pt x 794.97pt>
File: technology_review.pdf Graphic file (type pdf)

<use technology_review.pdf>
Package pdftex.def Info: technology_review.pdf used on input line 323.
(pdftex.def)             Requested size: 614.29349pt x 794.96806pt.
File: technology_review.pdf Graphic file (type pdf)
 <use technology_review.pdf>
Package pdftex.def Info: technology_review.pdf used on input line 323.
(pdftex.def)             Requested size: 614.29349pt x 794.96806pt.
 [26]
<technology_review.pdf, id=937, page=1, 614.295pt x 794.97pt>
File: technology_review.pdf Graphic file (type pdf)

<use technology_review.pdf, page 1>
Package pdftex.def Info: technology_review.pdf, page1 used on input line 323.
(pdftex.def)             Requested size: 614.29349pt x 794.96806pt.
File: technology_review.pdf Graphic file (type pdf)
 <use technology_review.pdf, page 1>
Package pdftex.def Info: technology_review.pdf, page1 used on input line 323.
(pdftex.def)             Requested size: 614.58406pt x 795.3441pt.
File: technology_review.pdf Graphic file (type pdf)

<use technology_review.pdf, page 1>
Package pdftex.def Info: technology_review.pdf, page1 used on input line 323.
(pdftex.def)             Requested size: 614.58406pt x 795.3441pt.
File: technology_review.pdf Graphic file (type pdf)
 <use technology_review.pdf, page 1>
Package pdftex.def Info: technology_review.pdf, page1 used on input line 323.
(pdftex.def)             Requested size: 614.58406pt x 795.3441pt.
File: technology_review.pdf Graphic file (type pdf)

<use technology_review.pdf, page 1>
Package pdftex.def Info: technology_review.pdf, page1 used on input line 323.
(pdftex.def)             Requested size: 614.58406pt x 795.3441pt.
 [27 <./technology_review.pdf>]
File: technology_review.pdf Graphic file (type pdf)

<use technology_review.pdf>
Package pdftex.def Info: technology_review.pdf used on input line 324.
(pdftex.def)             Requested size: 614.29349pt x 794.96806pt.
File: technology_review.pdf Graphic file (type pdf)
 <use technology_review.pdf>
Package pdftex.def Info: technology_review.pdf used on input line 324.
(pdftex.def)             Requested size: 614.29349pt x 794.96806pt.

<technology_review.pdf, id=955, page=2, 614.295pt x 794.97pt>
File: technology_review.pdf Graphic file (type pdf)

<use technology_review.pdf, page 2>
Package pdftex.def Info: technology_review.pdf, page2 used on input line 324.
(pdftex.def)             Requested size: 614.29349pt x 794.96806pt.
File: technology_review.pdf Graphic file (type pdf)
 <use technology_review.pdf, page 2>
Package pdftex.def Info: technology_review.pdf, page2 used on input line 324.
(pdftex.def)             Requested size: 614.58406pt x 795.3441pt.
File: technology_review.pdf Graphic file (type pdf)

<use technology_review.pdf, page 2>
Package pdftex.def Info: technology_review.pdf, page2 used on input line 324.
(pdftex.def)             Requested size: 614.58406pt x 795.3441pt.
File: technology_review.pdf Graphic file (type pdf)
 <use technology_review.pdf, page 2>
Package pdftex.def Info: technology_review.pdf, page2 used on input line 324.
(pdftex.def)             Requested size: 614.58406pt x 795.3441pt.
File: technology_review.pdf Graphic file (type pdf)

<use technology_review.pdf, page 2>
Package pdftex.def Info: technology_review.pdf, page2 used on input line 324.
(pdftex.def)             Requested size: 614.58406pt x 795.3441pt.
 [28 <./technology_review.pdf>]
<technology_review.pdf, id=984, page=3, 614.295pt x 794.97pt>
File: technology_review.pdf Graphic file (type pdf)

<use technology_review.pdf, page 3>
Package pdftex.def Info: technology_review.pdf, page3 used on input line 324.
(pdftex.def)             Requested size: 614.58406pt x 795.3441pt.
File: technology_review.pdf Graphic file (type pdf)
 <use technology_review.pdf, page 3>
Package pdftex.def Info: technology_review.pdf, page3 used on input line 324.
(pdftex.def)             Requested size: 614.58406pt x 795.3441pt.
File: technology_review.pdf Graphic file (type pdf)

<use technology_review.pdf, page 3>
Package pdftex.def Info: technology_review.pdf, page3 used on input line 324.
(pdftex.def)             Requested size: 614.58406pt x 795.3441pt.
 [29 <./technology_review.pdf>]
<technology_review.pdf, id=998, page=4, 614.295pt x 794.97pt>
File: technology_review.pdf Graphic file (type pdf)

<use technology_review.pdf, page 4>
Package pdftex.def Info: technology_review.pdf, page4 used on input line 324.
(pdftex.def)             Requested size: 614.58406pt x 795.3441pt.
File: technology_review.pdf Graphic file (type pdf)
 <use technology_review.pdf, page 4>
Package pdftex.def Info: technology_review.pdf, page4 used on input line 324.
(pdftex.def)             Requested size: 614.58406pt x 795.3441pt.
File: technology_review.pdf Graphic file (type pdf)

<use technology_review.pdf, page 4>
Package pdftex.def Info: technology_review.pdf, page4 used on input line 324.
(pdftex.def)             Requested size: 614.58406pt x 795.3441pt.
 [30 <./technology_review.pdf>]
<technology_review.pdf, id=1005, page=5, 614.295pt x 794.97pt>
File: technology_review.pdf Graphic file (type pdf)

<use technology_review.pdf, page 5>
Package pdftex.def Info: technology_review.pdf, page5 used on input line 324.
(pdftex.def)             Requested size: 614.58406pt x 795.3441pt.
File: technology_review.pdf Graphic file (type pdf)
 <use technology_review.pdf, page 5>
Package pdftex.def Info: technology_review.pdf, page5 used on input line 324.
(pdftex.def)             Requested size: 614.58406pt x 795.3441pt.
File: technology_review.pdf Graphic file (type pdf)

<use technology_review.pdf, page 5>
Package pdftex.def Info: technology_review.pdf, page5 used on input line 324.
(pdftex.def)             Requested size: 614.58406pt x 795.3441pt.
 [31 <./technology_review.pdf>]
<Blog_Posts.pdf, id=1011, 614.295pt x 794.97pt>
File: Blog_Posts.pdf Graphic file (type pdf)
 <use Blog_Posts.pdf>
Package pdftex.def Info: Blog_Posts.pdf used on input line 330.
(pdftex.def)             Requested size: 614.29349pt x 794.96806pt.
File: Blog_Posts.pdf Graphic file (type pdf)

<use Blog_Posts.pdf>
Package pdftex.def Info: Blog_Posts.pdf used on input line 330.
(pdftex.def)             Requested size: 614.29349pt x 794.96806pt.
 [32]
<Blog_Posts.pdf, id=1018, page=1, 614.295pt x 794.97pt>
File: Blog_Posts.pdf Graphic file (type pdf)

<use Blog_Posts.pdf, page 1>
Package pdftex.def Info: Blog_Posts.pdf, page1 used on input line 330.
(pdftex.def)             Requested size: 614.29349pt x 794.96806pt.
File: Blog_Posts.pdf Graphic file (type pdf)
 <use Blog_Posts.pdf, page 1>
Package pdftex.def Info: Blog_Posts.pdf, page1 used on input line 330.
(pdftex.def)             Requested size: 614.58406pt x 795.3441pt.
File: Blog_Posts.pdf Graphic file (type pdf)

<use Blog_Posts.pdf, page 1>
Package pdftex.def Info: Blog_Posts.pdf, page1 used on input line 330.
(pdftex.def)             Requested size: 614.58406pt x 795.3441pt.
File: Blog_Posts.pdf Graphic file (type pdf)
 <use Blog_Posts.pdf, page 1>
Package pdftex.def Info: Blog_Posts.pdf, page1 used on input line 330.
(pdftex.def)             Requested size: 614.58406pt x 795.3441pt.
File: Blog_Posts.pdf Graphic file (type pdf)

<use Blog_Posts.pdf, page 1>
Package pdftex.def Info: Blog_Posts.pdf, page1 used on input line 330.
(pdftex.def)             Requested size: 614.58406pt x 795.3441pt.
 [33 <./Blog_Posts.pdf>]
File: Blog_Posts.pdf Graphic file (type pdf)
 <use Blog_Posts.pdf>
Package pdftex.def Info: Blog_Posts.pdf used on input line 331.
(pdftex.def)             Requested size: 614.29349pt x 794.96806pt.
File: Blog_Posts.pdf Graphic file (type pdf)

<use Blog_Posts.pdf>
Package pdftex.def Info: Blog_Posts.pdf used on input line 331.
(pdftex.def)             Requested size: 614.29349pt x 794.96806pt.
 <Blog_Posts.pdf, id=1038, page=2, 614.295pt x 794.97pt>
File: Blog_Posts.pdf Graphic file (type pdf)

<use Blog_Posts.pdf, page 2>
Package pdftex.def Info: Blog_Posts.pdf, page2 used on input line 331.
(pdftex.def)             Requested size: 614.29349pt x 794.96806pt.
File: Blog_Posts.pdf Graphic file (type pdf)
 <use Blog_Posts.pdf, page 2>
Package pdftex.def Info: Blog_Posts.pdf, page2 used on input line 331.
(pdftex.def)             Requested size: 614.58406pt x 795.3441pt.
File: Blog_Posts.pdf Graphic file (type pdf)

<use Blog_Posts.pdf, page 2>
Package pdftex.def Info: Blog_Posts.pdf, page2 used on input line 331.
(pdftex.def)             Requested size: 614.58406pt x 795.3441pt.
File: Blog_Posts.pdf Graphic file (type pdf)
 <use Blog_Posts.pdf, page 2>
Package pdftex.def Info: Blog_Posts.pdf, page2 used on input line 331.
(pdftex.def)             Requested size: 614.58406pt x 795.3441pt.
File: Blog_Posts.pdf Graphic file (type pdf)

<use Blog_Posts.pdf, page 2>
Package pdftex.def Info: Blog_Posts.pdf, page2 used on input line 331.
(pdftex.def)             Requested size: 614.58406pt x 795.3441pt.
 [34 <./Blog_Posts.pdf>]
<Blog_Posts.pdf, id=1044, page=3, 614.295pt x 794.97pt>
File: Blog_Posts.pdf Graphic file (type pdf)

<use Blog_Posts.pdf, page 3>
Package pdftex.def Info: Blog_Posts.pdf, page3 used on input line 331.
(pdftex.def)             Requested size: 614.58406pt x 795.3441pt.
File: Blog_Posts.pdf Graphic file (type pdf)
 <use Blog_Posts.pdf, page 3>
Package pdftex.def Info: Blog_Posts.pdf, page3 used on input line 331.
(pdftex.def)             Requested size: 614.58406pt x 795.3441pt.
File: Blog_Posts.pdf Graphic file (type pdf)

<use Blog_Posts.pdf, page 3>
Package pdftex.def Info: Blog_Posts.pdf, page3 used on input line 331.
(pdftex.def)             Requested size: 614.58406pt x 795.3441pt.
 [35 <./Blog_Posts.pdf>]
<Blog_Posts.pdf, id=1050, page=4, 614.295pt x 794.97pt>
File: Blog_Posts.pdf Graphic file (type pdf)

<use Blog_Posts.pdf, page 4>
Package pdftex.def Info: Blog_Posts.pdf, page4 used on input line 331.
(pdftex.def)             Requested size: 614.58406pt x 795.3441pt.
File: Blog_Posts.pdf Graphic file (type pdf)
 <use Blog_Posts.pdf, page 4>
Package pdftex.def Info: Blog_Posts.pdf, page4 used on input line 331.
(pdftex.def)             Requested size: 614.58406pt x 795.3441pt.
File: Blog_Posts.pdf Graphic file (type pdf)

<use Blog_Posts.pdf, page 4>
Package pdftex.def Info: Blog_Posts.pdf, page4 used on input line 331.
(pdftex.def)             Requested size: 614.58406pt x 795.3441pt.
 [36 <./Blog_Posts.pdf>]
<Blog_Posts.pdf, id=1057, page=5, 614.295pt x 794.97pt>
File: Blog_Posts.pdf Graphic file (type pdf)

<use Blog_Posts.pdf, page 5>
Package pdftex.def Info: Blog_Posts.pdf, page5 used on input line 331.
(pdftex.def)             Requested size: 614.58406pt x 795.3441pt.
File: Blog_Posts.pdf Graphic file (type pdf)
 <use Blog_Posts.pdf, page 5>
Package pdftex.def Info: Blog_Posts.pdf, page5 used on input line 331.
(pdftex.def)             Requested size: 614.58406pt x 795.3441pt.
File: Blog_Posts.pdf Graphic file (type pdf)

<use Blog_Posts.pdf, page 5>
Package pdftex.def Info: Blog_Posts.pdf, page5 used on input line 331.
(pdftex.def)             Requested size: 614.58406pt x 795.3441pt.
 [37 <./Blog_Posts.pdf>]
<Blog_Posts.pdf, id=1071, page=6, 614.295pt x 794.97pt>
File: Blog_Posts.pdf Graphic file (type pdf)

<use Blog_Posts.pdf, page 6>
Package pdftex.def Info: Blog_Posts.pdf, page6 used on input line 331.
(pdftex.def)             Requested size: 614.58406pt x 795.3441pt.
File: Blog_Posts.pdf Graphic file (type pdf)
 <use Blog_Posts.pdf, page 6>
Package pdftex.def Info: Blog_Posts.pdf, page6 used on input line 331.
(pdftex.def)             Requested size: 614.58406pt x 795.3441pt.
File: Blog_Posts.pdf Graphic file (type pdf)

<use Blog_Posts.pdf, page 6>
Package pdftex.def Info: Blog_Posts.pdf, page6 used on input line 331.
(pdftex.def)             Requested size: 614.58406pt x 795.3441pt.
 [38 <./Blog_Posts.pdf>]
<Blog_Posts.pdf, id=1077, page=7, 614.295pt x 794.97pt>
File: Blog_Posts.pdf Graphic file (type pdf)

<use Blog_Posts.pdf, page 7>
Package pdftex.def Info: Blog_Posts.pdf, page7 used on input line 331.
(pdftex.def)             Requested size: 614.58406pt x 795.3441pt.
File: Blog_Posts.pdf Graphic file (type pdf)
 <use Blog_Posts.pdf, page 7>
Package pdftex.def Info: Blog_Posts.pdf, page7 used on input line 331.
(pdftex.def)             Requested size: 614.58406pt x 795.3441pt.
File: Blog_Posts.pdf Graphic file (type pdf)

<use Blog_Posts.pdf, page 7>
Package pdftex.def Info: Blog_Posts.pdf, page7 used on input line 331.
(pdftex.def)             Requested size: 614.58406pt x 795.3441pt.
 [39 <./Blog_Posts.pdf>]
<Blog_Posts.pdf, id=1083, page=8, 614.295pt x 794.97pt>
File: Blog_Posts.pdf Graphic file (type pdf)

<use Blog_Posts.pdf, page 8>
Package pdftex.def Info: Blog_Posts.pdf, page8 used on input line 331.
(pdftex.def)             Requested size: 614.58406pt x 795.3441pt.
File: Blog_Posts.pdf Graphic file (type pdf)
 <use Blog_Posts.pdf, page 8>
Package pdftex.def Info: Blog_Posts.pdf, page8 used on input line 331.
(pdftex.def)             Requested size: 614.58406pt x 795.3441pt.
File: Blog_Posts.pdf Graphic file (type pdf)

<use Blog_Posts.pdf, page 8>
Package pdftex.def Info: Blog_Posts.pdf, page8 used on input line 331.
(pdftex.def)             Requested size: 614.58406pt x 795.3441pt.
 [40 <./Blog_Posts.pdf>]
<Blog_Posts.pdf, id=1089, page=9, 614.295pt x 794.97pt>
File: Blog_Posts.pdf Graphic file (type pdf)

<use Blog_Posts.pdf, page 9>
Package pdftex.def Info: Blog_Posts.pdf, page9 used on input line 331.
(pdftex.def)             Requested size: 614.58406pt x 795.3441pt.
File: Blog_Posts.pdf Graphic file (type pdf)
 <use Blog_Posts.pdf, page 9>
Package pdftex.def Info: Blog_Posts.pdf, page9 used on input line 331.
(pdftex.def)             Requested size: 614.58406pt x 795.3441pt.
File: Blog_Posts.pdf Graphic file (type pdf)

<use Blog_Posts.pdf, page 9>
Package pdftex.def Info: Blog_Posts.pdf, page9 used on input line 331.
(pdftex.def)             Requested size: 614.58406pt x 795.3441pt.
 [41 <./Blog_Posts.pdf>]
<poster.pdf, id=1095, 3468.96pt x 2601.72pt>
File: poster.pdf Graphic file (type pdf)
 <use poster.pdf>
Package pdftex.def Info: poster.pdf used on input line 334.
(pdftex.def)             Requested size: 3468.95158pt x 2601.71368pt.
File: poster.pdf Graphic file (type pdf)
 <use poster.pdf>
Package pdftex.def Info: poster.pdf used on input line 334.
(pdftex.def)             Requested size: 3468.95158pt x 2601.71368pt.

<poster.pdf, id=1098, page=1, 3468.96pt x 2601.72pt>
File: poster.pdf Graphic file (type pdf)
 <use poster.pdf, page 1>
Package pdftex.def Info: poster.pdf, page1 used on input line 334.
(pdftex.def)             Requested size: 3468.95158pt x 2601.71368pt.
File: poster.pdf Graphic file (type pdf)

<use poster.pdf, page 1>
Package pdftex.def Info: poster.pdf, page1 used on input line 334.
(pdftex.def)             Requested size: 614.43465pt x 460.82599pt.
File: poster.pdf Graphic file (type pdf)
 <use poster.pdf, page 1>
Package pdftex.def Info: poster.pdf, page1 used on input line 334.
(pdftex.def)             Requested size: 614.43465pt x 460.82599pt.
File: poster.pdf Graphic file (type pdf)
 <use poster.pdf, page 1>
Package pdftex.def Info: poster.pdf, page1 used on input line 334.
(pdftex.def)             Requested size: 614.43465pt x 460.82599pt.
File: poster.pdf Graphic file (type pdf)

<use poster.pdf, page 1>
Package pdftex.def Info: poster.pdf, page1 used on input line 334.
(pdftex.def)             Requested size: 614.43465pt x 460.82599pt.
 [42 <./poster.pdf>] [43] [44]
Package atveryend Info: Empty hook `BeforeClearDocument' on input line 637.
 [45]
Package atveryend Info: Empty hook `AfterLastShipout' on input line 637.

(./cs463_group09_final_report.aux)
Package atveryend Info: Executing hook `AtVeryEndDocument' on input line 637.
Package atveryend Info: Executing hook `AtEndAfterFileList' on input line 637.


Package rerunfilecheck Warning: File `cs463_group09_final_report.out' has chang
ed.
(rerunfilecheck)                Rerun to get outlines right
(rerunfilecheck)                or use package `bookmark'.

Package rerunfilecheck Info: Checksums for `cs463_group09_final_report.out':
(rerunfilecheck)             Before: 66369350A59FE4F64EB7B594F480FB40;2310
(rerunfilecheck)             After:  DE1022588AFC6377A325DF8CF77E6D51;1124.
Package atveryend Info: Empty hook `AtVeryVeryEnd' on input line 637.
 ) 
Here is how much of TeX's memory you used:
 14878 strings out of 493304
 228919 string characters out of 6139871
 492705 words of memory out of 5000000
 18020 multiletter control sequences out of 15000+600000
 36844 words of font info for 72 fonts, out of 8000000 for 9000
 957 hyphenation exceptions out of 8191
 42i,18n,65p,1236b,524s stack positions out of 5000i,500n,10000p,200000b,80000s
pdfTeX warning (dest): name{subsection.6.10} has been referenced but does not
 exist, replaced by a fixed one

pdfTeX warning (dest): name{subsection.6.9} has been referenced but does not ex
ist, replaced by a fixed one

pdfTeX warning (dest): name{subsection.6.8} has been referenced but does not ex
ist, replaced by a fixed one

pdfTeX warning (dest): name{subsection.6.7} has been referenced but does not ex
ist, replaced by a fixed one

pdfTeX warning (dest): name{subsection.6.6} has been referenced but does not ex
ist, replaced by a fixed one

pdfTeX warning (dest): name{subsection.6.5} has been referenced but does not ex
ist, replaced by a fixed one

pdfTeX warning (dest): name{subsection.6.4} has been referenced but does not ex
ist, replaced by a fixed one

pdfTeX warning (dest): name{subsection.6.3} has been referenced but does not ex
ist, replaced by a fixed one

pdfTeX warning (dest): name{subsection.6.2} has been referenced but does not ex
ist, replaced by a fixed one

pdfTeX warning (dest): name{subsection.6.1} has been referenced but does not ex
ist, replaced by a fixed one

{/usr/share/texlive/texmf-dist/fonts/enc/dvips/base/8r.enc}</usr/share/texlive/
texmf-dist/fonts/type1/urw/times/utmb8a.pfb></usr/share/texlive/texmf-dist/font
s/type1/urw/times/utmr8a.pfb></usr/share/texlive/texmf-dist/fonts/type1/urw/tim
es/utmri8a.pfb>
Output written on cs463_group09_final_report.pdf (46 pages, 2845342 bytes).
PDF statistics:
 1207 PDF objects out of 1440 (max. 8388607)
 1028 compressed objects within 11 object streams
 75 named destinations out of 1000 (max. 500000)
 507 words of extra memory for PDF output out of 10000 (max. 10000000)

