\BOOKMARK [1][-]{section.1}{PROJECT PURPOSES AND GOALS}{}% 1
\BOOKMARK [1][-]{section.2}{SYSTEMS OUTLINE}{}% 2
\BOOKMARK [1][-]{section.3}{CURRENT PROGRESSION THROUGH REQUIREMENTS}{}% 3
\BOOKMARK [2][-]{subsection.3.1}{Fix the People page where the list of community leaders are shown}{section.3}% 4
\BOOKMARK [2][-]{subsection.3.2}{Tweet at a person listed in the database}{section.3}% 5
\BOOKMARK [2][-]{subsection.3.3}{Add user accounts to application and track when a user has tweeted an event}{section.3}% 6
\BOOKMARK [2][-]{subsection.3.4}{List tweets about events and/or people via the application}{section.3}% 7
\BOOKMARK [2][-]{subsection.3.5}{List tweets about events and/or people not via the application}{section.3}% 8
\BOOKMARK [2][-]{subsection.3.6}{Export a list of people with Information}{section.3}% 9
\BOOKMARK [2][-]{subsection.3.7}{Improve hashtag searching of application to improve finding more relevant events}{section.3}% 10
\BOOKMARK [2][-]{subsection.3.8}{Improve the visuals of the tool's look as a whole}{section.3}% 11
\BOOKMARK [2][-]{subsection.3.9}{Implement system of improved sorting of finding events by nearby location within radius of the user}{section.3}% 12
\BOOKMARK [2][-]{subsection.3.10}{Add feature to generate a profile for people and have it display a way to contact the person if a method is available}{section.3}% 13
\BOOKMARK [1][-]{section.4}{Feature Requests}{}% 14
\BOOKMARK [2][-]{subsection.4.1}{Add user accounts to the application}{section.4}% 15
\BOOKMARK [2][-]{subsection.4.2}{List tweets about events via the app and not via the app}{section.4}% 16
\BOOKMARK [2][-]{subsection.4.3}{Export a list of people with information}{section.4}% 17
\BOOKMARK [2][-]{subsection.4.4}{Improve hashtag searching of application for better results on relevant events}{section.4}% 18
\BOOKMARK [2][-]{subsection.4.5}{Add feature to generate a profile of people for community developers to have contacting information easily viewable}{section.4}% 19
\BOOKMARK [2][-]{subsection.4.6}{Implement system of improve sorting of finding events by nearby location within radius of the user}{section.4}% 20
\BOOKMARK [1][-]{section.5}{PROBLEMS ENCOUNTERED}{}% 21
\BOOKMARK [2][-]{subsection.5.1}{Problem 1}{section.5}% 22
\BOOKMARK [2][-]{subsection.5.2}{Problem 2}{section.5}% 23
\BOOKMARK [2][-]{subsection.5.3}{Problem 3}{section.5}% 24
\BOOKMARK [2][-]{subsection.5.4}{Problem 4}{section.5}% 25
\BOOKMARK [1][-]{section.6}{TIMELINE UPDATE}{}% 26
